{"level":"info","message":"⌛ Building environment","timeElapsed":612,"timestamp":"2024-08-26T21:29:20.359Z"}
{"level":"info","message":"onRequest - WORKSPACE_URI:file:///c%3A/Users/publico/Desktop/log/tomyjerry/2024s2-tomyjerry-titoCo12","timestamp":"2024-08-26T21:29:20.376Z"}
{"level":"info","message":"⌛ Building environment","timeElapsed":283,"timestamp":"2024-08-26T21:29:20.667Z"}
{"level":"info","message":"⌛ Validating tomyjerry.wlk","timeElapsed":472,"timestamp":"2024-08-26T21:29:21.159Z"}
{"level":"info","message":"⌛ Building environment","timeElapsed":343,"timestamp":"2024-08-26T21:29:21.509Z"}
{"level":"info","message":"⌛ Validating tomyjerry.wlk","timeElapsed":454,"timestamp":"2024-08-26T21:29:22.046Z"}
{"level":"info","message":"⌛ Building environment","timeElapsed":812,"timestamp":"2024-08-26T21:31:35.566Z"}
{"level":"info","message":"onRequest - WORKSPACE_URI:file:///c%3A/Users/publico/Desktop/log/tomyjerry/2024s2-tomyjerry-titoCo12","timestamp":"2024-08-26T21:31:35.596Z"}
{"level":"info","message":"⌛ Building environment","timeElapsed":325,"timestamp":"2024-08-26T21:31:35.926Z"}
{"level":"info","message":"⌛ Validating tomyjerry.wlk","timeElapsed":584,"timestamp":"2024-08-26T21:31:36.527Z"}
{"level":"info","message":"⌛ Building environment","timeElapsed":318,"timestamp":"2024-08-26T21:31:36.850Z"}
{"level":"info","message":"⌛ Validating tomyjerry.wlk","timeElapsed":528,"timestamp":"2024-08-26T21:31:37.412Z"}
{"level":"info","message":"onRequest - STRONG_FILES_CHANGED:c:\\Users\\publico\\Desktop\\log\\tomyjerry\\2024s2-tomyjerry-titoCo12\\test","timestamp":"2024-08-26T21:32:03.688Z"}
{"level":"info","message":"⌛ Building environment","timeElapsed":487,"timestamp":"2024-08-26T21:32:04.175Z"}
{"level":"info","message":"⌛ Building environment","timeElapsed":235,"timestamp":"2024-08-26T21:32:04.414Z"}
{"level":"info","message":"Removing diagnostics from \\Users\\publico\\Desktop\\log\\tomyjerry\\2024s2-tomyjerry-titoCo12\\test","timestamp":"2024-08-26T21:32:04.524Z"}
{"level":"info","message":"onRequest - WORKSPACE_URI:file:///c%3A/Users/publico/Desktop/log/tomyjerry/2024s2-tomyjerry-titoCo12","timestamp":"2024-08-26T21:32:04.535Z"}
{"level":"info","message":"⌛ Building environment","timeElapsed":584,"timestamp":"2024-08-26T21:39:47.153Z"}
{"level":"info","message":"⌛ Validating testT.wlk","timeElapsed":420,"timestamp":"2024-08-26T21:39:47.653Z"}
{"level":"info","message":"⌛ Building environment","timeElapsed":241,"timestamp":"2024-08-26T21:39:50.775Z"}
{"level":"info","message":"⌛ Building environment","timeElapsed":178,"timestamp":"2024-08-26T21:39:50.965Z"}
{"level":"info","message":"⌛ Autocomplete - Package","timeElapsed":112,"timestamp":"2024-08-26T21:39:51.097Z"}
{"level":"info","message":"⌛ Validating testT.wlk","timeElapsed":314,"timestamp":"2024-08-26T21:39:51.413Z"}
{"level":"info","message":"⌛ Building environment","timeElapsed":212,"timestamp":"2024-08-26T21:39:51.628Z"}
{"level":"info","message":"⌛ Validating testT.wlk","timeElapsed":340,"timestamp":"2024-08-26T21:39:51.985Z"}
{"level":"info","message":"⌛ Building environment","timeElapsed":180,"timestamp":"2024-08-26T21:39:52.219Z"}
{"level":"info","message":"onRequest - completionItem/resolve","timestamp":"2024-08-26T21:39:52.222Z"}
{"level":"info","message":"⌛ Building environment","timeElapsed":133,"timestamp":"2024-08-26T21:39:52.361Z"}
{"level":"info","message":"onRequest - completionItem/resolve","timestamp":"2024-08-26T21:39:52.363Z"}
{"level":"info","message":"⌛ Building environment","timeElapsed":137,"timestamp":"2024-08-26T21:39:52.501Z"}
{"level":"info","message":"onRequest - completionItem/resolve","timestamp":"2024-08-26T21:39:52.503Z"}
{"level":"info","message":"⌛ Building environment","timeElapsed":160,"timestamp":"2024-08-26T21:39:52.665Z"}
{"level":"info","message":"⌛ Validating testT.wlk","timeElapsed":206,"timestamp":"2024-08-26T21:39:52.873Z"}
{"level":"info","message":"⌛ Validating testT.wlk","timeElapsed":234,"timestamp":"2024-08-26T21:39:53.118Z"}
{"level":"info","message":"⌛ Validating testT.wlk","timeElapsed":208,"timestamp":"2024-08-26T21:39:53.327Z"}
{"level":"info","message":"⌛ Validating testT.wlk","timeElapsed":204,"timestamp":"2024-08-26T21:39:53.532Z"}
{"level":"info","message":"⌛ Validating testT.wlk","timeElapsed":235,"timestamp":"2024-08-26T21:39:53.768Z"}
{"level":"info","message":"⌛ Building environment","timeElapsed":186,"timestamp":"2024-08-26T21:39:54.703Z"}
{"level":"info","message":"⌛ Building environment","timeElapsed":165,"timestamp":"2024-08-26T21:39:54.919Z"}
{"level":"info","message":"⌛ Validating testT.wlk","timeElapsed":233,"timestamp":"2024-08-26T21:39:55.153Z"}
{"level":"info","message":"onRequest - completionItem/resolve","timestamp":"2024-08-26T21:39:55.160Z"}
{"level":"info","message":"⌛ Validating testT.wlk","timeElapsed":212,"timestamp":"2024-08-26T21:39:55.373Z"}
{"level":"info","message":"⌛ Building environment","timeElapsed":170,"timestamp":"2024-08-26T21:39:55.544Z"}
{"level":"info","message":"onRequest - completionItem/resolve","timestamp":"2024-08-26T21:39:55.545Z"}
{"level":"info","message":"⌛ Validating testT.wlk","timeElapsed":229,"timestamp":"2024-08-26T21:39:55.786Z"}
{"level":"info","message":"⌛ Building environment","timeElapsed":122,"timestamp":"2024-08-26T21:39:55.914Z"}
{"level":"info","message":"onRequest - completionItem/resolve","timestamp":"2024-08-26T21:39:55.915Z"}
{"level":"info","message":"⌛ Validating testT.wlk","timeElapsed":191,"timestamp":"2024-08-26T21:39:56.108Z"}
{"level":"info","message":"⌛ Building environment","timeElapsed":151,"timestamp":"2024-08-26T21:40:00.337Z"}
{"level":"info","message":"⌛ Validating testT.wlk","timeElapsed":285,"timestamp":"2024-08-26T21:40:00.674Z"}
{"level":"info","message":"⌛ Building environment","timeElapsed":170,"timestamp":"2024-08-26T21:40:00.847Z"}
{"level":"info","message":"⌛ Building environment","timeElapsed":133,"timestamp":"2024-08-26T21:40:00.985Z"}
{"level":"info","message":"⌛ Building environment","timeElapsed":167,"timestamp":"2024-08-26T21:40:01.153Z"}
{"level":"info","message":"⌛ Building environment","timeElapsed":120,"timestamp":"2024-08-26T21:40:01.279Z"}
{"level":"info","message":"⌛ Validating testT.wlk","timeElapsed":234,"timestamp":"2024-08-26T21:40:01.527Z"}
{"level":"info","message":"⌛ Validating testT.wlk","timeElapsed":198,"timestamp":"2024-08-26T21:40:01.725Z"}
{"level":"info","message":"⌛ Building environment","timeElapsed":128,"timestamp":"2024-08-26T21:40:01.854Z"}
{"level":"info","message":"⌛ Validating testT.wlk","timeElapsed":205,"timestamp":"2024-08-26T21:40:02.109Z"}
{"level":"info","message":"⌛ Validating testT.wlk","timeElapsed":170,"timestamp":"2024-08-26T21:40:02.279Z"}
{"level":"info","message":"⌛ Building environment","timeElapsed":162,"timestamp":"2024-08-26T21:40:02.449Z"}
{"level":"info","message":"⌛ Building environment","timeElapsed":119,"timestamp":"2024-08-26T21:40:02.571Z"}
{"level":"info","message":"⌛ Building environment","timeElapsed":212,"timestamp":"2024-08-26T21:40:02.784Z"}
{"level":"info","message":"⌛ Validating testT.wlk","timeElapsed":211,"timestamp":"2024-08-26T21:40:02.996Z"}
{"level":"info","message":"⌛ Validating testT.wlk","timeElapsed":202,"timestamp":"2024-08-26T21:40:03.212Z"}
{"level":"info","message":"⌛ Validating testT.wlk","timeElapsed":172,"timestamp":"2024-08-26T21:40:03.385Z"}
{"level":"info","message":"⌛ Validating testT.wlk","timeElapsed":162,"timestamp":"2024-08-26T21:40:03.552Z"}
{"level":"info","message":"⌛ Building environment","timeElapsed":143,"timestamp":"2024-08-26T21:40:10.729Z"}
{"level":"info","message":"⌛ Validating testT.wlk","timeElapsed":208,"timestamp":"2024-08-26T21:40:10.939Z"}
{"level":"info","message":"⌛ Building environment","timeElapsed":164,"timestamp":"2024-08-26T21:40:11.113Z"}
{"level":"info","message":"⌛ Building environment","timeElapsed":350,"timestamp":"2024-08-26T21:40:11.465Z"}
{"level":"info","message":"⌛ Validating testT.wlk","timeElapsed":235,"timestamp":"2024-08-26T21:40:11.701Z"}
{"level":"info","message":"⌛ Validating testT.wlk","timeElapsed":201,"timestamp":"2024-08-26T21:40:11.915Z"}
{"level":"info","message":"⌛ Building environment","timeElapsed":133,"timestamp":"2024-08-26T21:40:12.062Z"}
{"level":"info","message":"⌛ Validating testT.wlk","timeElapsed":361,"timestamp":"2024-08-26T21:40:12.424Z"}
{"level":"info","message":"⌛ Building environment","timeElapsed":541,"timestamp":"2024-08-26T21:41:32.537Z"}
{"level":"info","message":"⌛ Validating testT.wlk","timeElapsed":419,"timestamp":"2024-08-26T21:41:32.969Z"}
{"level":"info","message":"⌛ Building environment","timeElapsed":404,"timestamp":"2024-08-26T21:44:51.306Z"}
{"level":"info","message":"⌛ Validating tomyjerry.wlk","timeElapsed":426,"timestamp":"2024-08-26T21:44:51.765Z"}
{"level":"info","message":"⌛ Building environment","timeElapsed":275,"timestamp":"2024-08-26T22:08:51.639Z"}
{"level":"info","message":"onRequest - STRONG_FILES_CHANGED:c:\\Users\\publico\\Desktop\\log\\tomyjerry\\2024s2-tomyjerry-titoCo12\\testT.wlk","timestamp":"2024-08-26T22:08:51.640Z"}
{"level":"info","message":"⌛ Building environment","timeElapsed":322,"timestamp":"2024-08-26T22:08:51.964Z"}
{"level":"info","message":"⌛ Building environment","timeElapsed":379,"timestamp":"2024-08-26T22:08:52.344Z"}
{"level":"info","message":"⌛ Validating testT.wtest","timeElapsed":352,"timestamp":"2024-08-26T22:08:52.699Z"}
{"level":"info","message":"Removing diagnostics from \\Users\\publico\\Desktop\\log\\tomyjerry\\2024s2-tomyjerry-titoCo12\\testT.wtest","timestamp":"2024-08-26T22:08:52.700Z"}
{"level":"info","message":"onRequest - WORKSPACE_URI:file:///c%3A/Users/publico/Desktop/log/tomyjerry/2024s2-tomyjerry-titoCo12","timestamp":"2024-08-26T22:08:52.705Z"}
{"level":"info","message":"⌛ Building environment","timeElapsed":197,"timestamp":"2024-08-26T22:08:54.412Z"}
{"level":"info","message":"⌛ Validating testT.wtest","timeElapsed":610,"timestamp":"2024-08-26T22:08:55.097Z"}
